<?xml version="1.0" encoding="UTF-8"?>
<testsuite xmlns:xsi="http://www.w3.org/2001/XMLSchema-instance" xsi:noNamespaceSchemaLocation="https://maven.apache.org/surefire/maven-surefire-plugin/xsd/surefire-test-report.xsd" name="com.udacity.catpoint.AppTest" time="0.039" tests="1" errors="0" skipped="0" failures="0">
  <properties>
    <property name="java.specification.version" value="17"/>
    <property name="sun.cpu.isalist" value="amd64"/>
    <property name="sun.jnu.encoding" value="GBK"/>
    <property name="java.class.path" value="F:\Java-Programs\Udasecurity\catpoint-parent\target\test-classes;F:\Java-Programs\Udasecurity\catpoint-parent\target\classes;C:\Users\romer\.m2\repository\org\junit\jupiter\junit-jupiter-api\5.8.1\junit-jupiter-api-5.8.1.jar;C:\Users\romer\.m2\repository\org\opentest4j\opentest4j\1.2.0\opentest4j-1.2.0.jar;C:\Users\romer\.m2\repository\org\junit\platform\junit-platform-commons\1.8.1\junit-platform-commons-1.8.1.jar;C:\Users\romer\.m2\repository\org\apiguardian\apiguardian-api\1.1.2\apiguardian-api-1.1.2.jar;C:\Users\romer\.m2\repository\org\junit\jupiter\junit-jupiter-engine\5.8.1\junit-jupiter-engine-5.8.1.jar;C:\Users\romer\.m2\repository\org\junit\platform\junit-platform-engine\1.8.1\junit-platform-engine-1.8.1.jar;C:\Users\romer\.m2\repository\org\junit\jupiter\junit-jupiter-params\5.8.1\junit-jupiter-params-5.8.1.jar;C:\Users\romer\.m2\repository\com\google\guava\guava\31.0.1-jre\guava-31.0.1-jre.jar;C:\Users\romer\.m2\repository\com\google\guava\failureaccess\1.0.1\failureaccess-1.0.1.jar;C:\Users\romer\.m2\repository\com\google\guava\listenablefuture\9999.0-empty-to-avoid-conflict-with-guava\listenablefuture-9999.0-empty-to-avoid-conflict-with-guava.jar;C:\Users\romer\.m2\repository\com\google\code\findbugs\jsr305\3.0.2\jsr305-3.0.2.jar;C:\Users\romer\.m2\repository\org\checkerframework\checker-qual\3.12.0\checker-qual-3.12.0.jar;C:\Users\romer\.m2\repository\com\google\errorprone\error_prone_annotations\2.7.1\error_prone_annotations-2.7.1.jar;C:\Users\romer\.m2\repository\com\google\j2objc\j2objc-annotations\1.3\j2objc-annotations-1.3.jar;C:\Users\romer\.m2\repository\com\google\code\gson\gson\2.8.9\gson-2.8.9.jar;C:\Users\romer\.m2\repository\com\miglayout\miglayout\3.7.4\miglayout-3.7.4.jar;C:\Users\romer\.m2\repository\org\slf4j\slf4j-api\2.0.0-alpha5\slf4j-api-2.0.0-alpha5.jar;C:\Users\romer\.m2\repository\software\amazon\awssdk\auth\2.17.85\auth-2.17.85.jar;C:\Users\romer\.m2\repository\software\amazon\awssdk\annotations\2.17.85\annotations-2.17.85.jar;C:\Users\romer\.m2\repository\software\amazon\awssdk\utils\2.17.85\utils-2.17.85.jar;C:\Users\romer\.m2\repository\org\reactivestreams\reactive-streams\1.0.3\reactive-streams-1.0.3.jar;C:\Users\romer\.m2\repository\software\amazon\awssdk\sdk-core\2.17.85\sdk-core-2.17.85.jar;C:\Users\romer\.m2\repository\software\amazon\awssdk\regions\2.17.85\regions-2.17.85.jar;C:\Users\romer\.m2\repository\software\amazon\awssdk\profiles\2.17.85\profiles-2.17.85.jar;C:\Users\romer\.m2\repository\software\amazon\awssdk\http-client-spi\2.17.85\http-client-spi-2.17.85.jar;C:\Users\romer\.m2\repository\software\amazon\awssdk\json-utils\2.17.85\json-utils-2.17.85.jar;C:\Users\romer\.m2\repository\software\amazon\awssdk\third-party-jackson-core\2.17.85\third-party-jackson-core-2.17.85.jar;C:\Users\romer\.m2\repository\software\amazon\eventstream\eventstream\1.0.1\eventstream-1.0.1.jar;C:\Users\romer\.m2\repository\software\amazon\awssdk\rekognition\2.17.85\rekognition-2.17.85.jar;C:\Users\romer\.m2\repository\software\amazon\awssdk\aws-json-protocol\2.17.85\aws-json-protocol-2.17.85.jar;C:\Users\romer\.m2\repository\software\amazon\awssdk\protocol-core\2.17.85\protocol-core-2.17.85.jar;C:\Users\romer\.m2\repository\software\amazon\awssdk\aws-core\2.17.85\aws-core-2.17.85.jar;C:\Users\romer\.m2\repository\software\amazon\awssdk\metrics-spi\2.17.85\metrics-spi-2.17.85.jar;C:\Users\romer\.m2\repository\software\amazon\awssdk\apache-client\2.17.85\apache-client-2.17.85.jar;C:\Users\romer\.m2\repository\org\apache\httpcomponents\httpclient\4.5.13\httpclient-4.5.13.jar;C:\Users\romer\.m2\repository\commons-logging\commons-logging\1.2\commons-logging-1.2.jar;C:\Users\romer\.m2\repository\commons-codec\commons-codec\1.11\commons-codec-1.11.jar;C:\Users\romer\.m2\repository\org\apache\httpcomponents\httpcore\4.4.11\httpcore-4.4.11.jar;C:\Users\romer\.m2\repository\software\amazon\awssdk\netty-nio-client\2.17.85\netty-nio-client-2.17.85.jar;C:\Users\romer\.m2\repository\io\netty\netty-codec-http\4.1.68.Final\netty-codec-http-4.1.68.Final.jar;C:\Users\romer\.m2\repository\io\netty\netty-codec-http2\4.1.68.Final\netty-codec-http2-4.1.68.Final.jar;C:\Users\romer\.m2\repository\io\netty\netty-codec\4.1.68.Final\netty-codec-4.1.68.Final.jar;C:\Users\romer\.m2\repository\io\netty\netty-transport\4.1.68.Final\netty-transport-4.1.68.Final.jar;C:\Users\romer\.m2\repository\io\netty\netty-resolver\4.1.68.Final\netty-resolver-4.1.68.Final.jar;C:\Users\romer\.m2\repository\io\netty\netty-common\4.1.68.Final\netty-common-4.1.68.Final.jar;C:\Users\romer\.m2\repository\io\netty\netty-buffer\4.1.68.Final\netty-buffer-4.1.68.Final.jar;C:\Users\romer\.m2\repository\io\netty\netty-handler\4.1.68.Final\netty-handler-4.1.68.Final.jar;C:\Users\romer\.m2\repository\io\netty\netty-transport-native-epoll\4.1.68.Final\netty-transport-native-epoll-4.1.68.Final-linux-x86_64.jar;C:\Users\romer\.m2\repository\io\netty\netty-transport-native-unix-common\4.1.68.Final\netty-transport-native-unix-common-4.1.68.Final.jar;C:\Users\romer\.m2\repository\com\typesafe\netty\netty-reactive-streams-http\2.0.5\netty-reactive-streams-http-2.0.5.jar;C:\Users\romer\.m2\repository\com\typesafe\netty\netty-reactive-streams\2.0.5\netty-reactive-streams-2.0.5.jar;"/>
    <property name="java.vm.vendor" value="Oracle Corporation"/>
    <property name="sun.arch.data.model" value="64"/>
    <property name="user.variant" value=""/>
    <property name="java.vendor.url" value="https://java.oracle.com/"/>
    <property name="user.timezone" value="America/New_York"/>
    <property name="user.country.format" value="US"/>
    <property name="os.name" value="Windows 10"/>
    <property name="java.vm.specification.version" value="17"/>
    <property name="sun.java.launcher" value="SUN_STANDARD"/>
    <property name="user.country" value="CN"/>
    <property name="sun.boot.library.path" value="F:\Programs\Java\jdk-17\bin"/>
    <property name="sun.java.command" value="C:\Users\romer\AppData\Local\Temp\surefire3818807250929693847\surefirebooter3272838278806727688.jar C:\Users\romer\AppData\Local\Temp\surefire3818807250929693847 2021-11-20T18-13-02_551-jvmRun1 surefire9039657233861583100tmp surefire_010008304678977980860tmp"/>
    <property name="jdk.debug" value="release"/>
    <property name="surefire.test.class.path" value="F:\Java-Programs\Udasecurity\catpoint-parent\target\test-classes;F:\Java-Programs\Udasecurity\catpoint-parent\target\classes;C:\Users\romer\.m2\repository\org\junit\jupiter\junit-jupiter-api\5.8.1\junit-jupiter-api-5.8.1.jar;C:\Users\romer\.m2\repository\org\opentest4j\opentest4j\1.2.0\opentest4j-1.2.0.jar;C:\Users\romer\.m2\repository\org\junit\platform\junit-platform-commons\1.8.1\junit-platform-commons-1.8.1.jar;C:\Users\romer\.m2\repository\org\apiguardian\apiguardian-api\1.1.2\apiguardian-api-1.1.2.jar;C:\Users\romer\.m2\repository\org\junit\jupiter\junit-jupiter-engine\5.8.1\junit-jupiter-engine-5.8.1.jar;C:\Users\romer\.m2\repository\org\junit\platform\junit-platform-engine\1.8.1\junit-platform-engine-1.8.1.jar;C:\Users\romer\.m2\repository\org\junit\jupiter\junit-jupiter-params\5.8.1\junit-jupiter-params-5.8.1.jar;C:\Users\romer\.m2\repository\com\google\guava\guava\31.0.1-jre\guava-31.0.1-jre.jar;C:\Users\romer\.m2\repository\com\google\guava\failureaccess\1.0.1\failureaccess-1.0.1.jar;C:\Users\romer\.m2\repository\com\google\guava\listenablefuture\9999.0-empty-to-avoid-conflict-with-guava\listenablefuture-9999.0-empty-to-avoid-conflict-with-guava.jar;C:\Users\romer\.m2\repository\com\google\code\findbugs\jsr305\3.0.2\jsr305-3.0.2.jar;C:\Users\romer\.m2\repository\org\checkerframework\checker-qual\3.12.0\checker-qual-3.12.0.jar;C:\Users\romer\.m2\repository\com\google\errorprone\error_prone_annotations\2.7.1\error_prone_annotations-2.7.1.jar;C:\Users\romer\.m2\repository\com\google\j2objc\j2objc-annotations\1.3\j2objc-annotations-1.3.jar;C:\Users\romer\.m2\repository\com\google\code\gson\gson\2.8.9\gson-2.8.9.jar;C:\Users\romer\.m2\repository\com\miglayout\miglayout\3.7.4\miglayout-3.7.4.jar;C:\Users\romer\.m2\repository\org\slf4j\slf4j-api\2.0.0-alpha5\slf4j-api-2.0.0-alpha5.jar;C:\Users\romer\.m2\repository\software\amazon\awssdk\auth\2.17.85\auth-2.17.85.jar;C:\Users\romer\.m2\repository\software\amazon\awssdk\annotations\2.17.85\annotations-2.17.85.jar;C:\Users\romer\.m2\repository\software\amazon\awssdk\utils\2.17.85\utils-2.17.85.jar;C:\Users\romer\.m2\repository\org\reactivestreams\reactive-streams\1.0.3\reactive-streams-1.0.3.jar;C:\Users\romer\.m2\repository\software\amazon\awssdk\sdk-core\2.17.85\sdk-core-2.17.85.jar;C:\Users\romer\.m2\repository\software\amazon\awssdk\regions\2.17.85\regions-2.17.85.jar;C:\Users\romer\.m2\repository\software\amazon\awssdk\profiles\2.17.85\profiles-2.17.85.jar;C:\Users\romer\.m2\repository\software\amazon\awssdk\http-client-spi\2.17.85\http-client-spi-2.17.85.jar;C:\Users\romer\.m2\repository\software\amazon\awssdk\json-utils\2.17.85\json-utils-2.17.85.jar;C:\Users\romer\.m2\repository\software\amazon\awssdk\third-party-jackson-core\2.17.85\third-party-jackson-core-2.17.85.jar;C:\Users\romer\.m2\repository\software\amazon\eventstream\eventstream\1.0.1\eventstream-1.0.1.jar;C:\Users\romer\.m2\repository\software\amazon\awssdk\rekognition\2.17.85\rekognition-2.17.85.jar;C:\Users\romer\.m2\repository\software\amazon\awssdk\aws-json-protocol\2.17.85\aws-json-protocol-2.17.85.jar;C:\Users\romer\.m2\repository\software\amazon\awssdk\protocol-core\2.17.85\protocol-core-2.17.85.jar;C:\Users\romer\.m2\repository\software\amazon\awssdk\aws-core\2.17.85\aws-core-2.17.85.jar;C:\Users\romer\.m2\repository\software\amazon\awssdk\metrics-spi\2.17.85\metrics-spi-2.17.85.jar;C:\Users\romer\.m2\repository\software\amazon\awssdk\apache-client\2.17.85\apache-client-2.17.85.jar;C:\Users\romer\.m2\repository\org\apache\httpcomponents\httpclient\4.5.13\httpclient-4.5.13.jar;C:\Users\romer\.m2\repository\commons-logging\commons-logging\1.2\commons-logging-1.2.jar;C:\Users\romer\.m2\repository\commons-codec\commons-codec\1.11\commons-codec-1.11.jar;C:\Users\romer\.m2\repository\org\apache\httpcomponents\httpcore\4.4.11\httpcore-4.4.11.jar;C:\Users\romer\.m2\repository\software\amazon\awssdk\netty-nio-client\2.17.85\netty-nio-client-2.17.85.jar;C:\Users\romer\.m2\repository\io\netty\netty-codec-http\4.1.68.Final\netty-codec-http-4.1.68.Final.jar;C:\Users\romer\.m2\repository\io\netty\netty-codec-http2\4.1.68.Final\netty-codec-http2-4.1.68.Final.jar;C:\Users\romer\.m2\repository\io\netty\netty-codec\4.1.68.Final\netty-codec-4.1.68.Final.jar;C:\Users\romer\.m2\repository\io\netty\netty-transport\4.1.68.Final\netty-transport-4.1.68.Final.jar;C:\Users\romer\.m2\repository\io\netty\netty-resolver\4.1.68.Final\netty-resolver-4.1.68.Final.jar;C:\Users\romer\.m2\repository\io\netty\netty-common\4.1.68.Final\netty-common-4.1.68.Final.jar;C:\Users\romer\.m2\repository\io\netty\netty-buffer\4.1.68.Final\netty-buffer-4.1.68.Final.jar;C:\Users\romer\.m2\repository\io\netty\netty-handler\4.1.68.Final\netty-handler-4.1.68.Final.jar;C:\Users\romer\.m2\repository\io\netty\netty-transport-native-epoll\4.1.68.Final\netty-transport-native-epoll-4.1.68.Final-linux-x86_64.jar;C:\Users\romer\.m2\repository\io\netty\netty-transport-native-unix-common\4.1.68.Final\netty-transport-native-unix-common-4.1.68.Final.jar;C:\Users\romer\.m2\repository\com\typesafe\netty\netty-reactive-streams-http\2.0.5\netty-reactive-streams-http-2.0.5.jar;C:\Users\romer\.m2\repository\com\typesafe\netty\netty-reactive-streams\2.0.5\netty-reactive-streams-2.0.5.jar;"/>
    <property name="sun.cpu.endian" value="little"/>
    <property name="user.home" value="C:\Users\romer"/>
    <property name="user.language" value="zh"/>
    <property name="java.specification.vendor" value="Oracle Corporation"/>
    <property name="java.version.date" value="2021-09-14"/>
    <property name="java.home" value="F:\Programs\Java\jdk-17"/>
    <property name="file.separator" value="\"/>
    <property name="basedir" value="F:\Java-Programs\Udasecurity\catpoint-parent"/>
    <property name="java.vm.compressedOopsMode" value="32-bit"/>
    <property name="line.separator" value="&#10;"/>
    <property name="java.vm.specification.vendor" value="Oracle Corporation"/>
    <property name="java.specification.name" value="Java Platform API Specification"/>
    <property name="surefire.real.class.path" value="C:\Users\romer\AppData\Local\Temp\surefire3818807250929693847\surefirebooter3272838278806727688.jar"/>
    <property name="user.script" value=""/>
    <property name="sun.management.compiler" value="HotSpot 64-Bit Tiered Compilers"/>
    <property name="java.runtime.version" value="17+35-LTS-2724"/>
    <property name="user.name" value="romer"/>
    <property name="path.separator" value=";"/>
    <property name="os.version" value="10.0"/>
    <property name="java.runtime.name" value="Java(TM) SE Runtime Environment"/>
    <property name="file.encoding" value="Cp1252"/>
    <property name="java.vm.name" value="Java HotSpot(TM) 64-Bit Server VM"/>
    <property name="localRepository" value="C:\Users\romer\.m2\repository"/>
    <property name="java.vendor.url.bug" value="https://bugreport.java.com/bugreport/"/>
    <property name="java.io.tmpdir" value="C:\Users\romer\AppData\Local\Temp\"/>
    <property name="java.version" value="17"/>
    <property name="user.dir" value="F:\Java-Programs\Udasecurity\catpoint-parent"/>
    <property name="os.arch" value="amd64"/>
    <property name="java.vm.specification.name" value="Java Virtual Machine Specification"/>
    <property name="user.language.format" value="en"/>
    <property name="sun.os.patch.level" value=""/>
    <property name="native.encoding" value="Cp1252"/>
    <property name="java.library.path" value="F:\Programs\Java\jdk-17\bin;C:\WINDOWS\Sun\Java\bin;C:\WINDOWS\system32;C:\WINDOWS;F:\oraclexe\app\oracle\product\11.2.0\server\bin;C:\Program Files (x86)\Intel\iCLS Client\;C:\Program Files\Intel\iCLS Client\;C:\Windows\system32;C:\Windows;C:\Windows\System32\Wbem;C:\Windows\System32\WindowsPowerShell\v1.0\;C:\Program Files (x86)\Intel\Intel(R) Management Engine Components\DAL;C:\Program Files\Intel\Intel(R) Management Engine Components\DAL;C:\Program Files (x86)\Intel\Intel(R) Management Engine Components\IPT;C:\Program Files\Intel\Intel(R) Management Engine Components\IPT;C:\Program Files (x86)\NVIDIA Corporation\PhysX\Common;C:\Program Files\Intel\WiFi\bin\;C:\Program Files\Common Files\Intel\WirelessCommon\;C:\WINDOWS\system32;C:\WINDOWS;C:\WINDOWS\System32\Wbem;C:\WINDOWS\System32\WindowsPowerShell\v1.0\;C:\WINDOWS\System32\OpenSSH\;C:\Program Files\PuTTY\;C:\Program Files\Microsoft SQL Server\130\Tools\Binn\;C:\Program Files\Microsoft SQL Server\Client SDK\ODBC\170\Tools\Binn\;C:\Program Files (x86)\Microsoft SQL Server\150\Tools\Binn\;C:\Program Files\Microsoft SQL Server\150\Tools\Binn\;C:\Program Files\Microsoft SQL Server\150\DTS\Binn\;C:\Program Files (x86)\CodeBlocks\MinGW\bin;C:\Program Files (x86)\Microsoft SQL Server\150\DTS\Binn\;C:\Program Files (x86)\Microsoft Visual Studio\2019\Community\VC\Tools\MSVC\14.24.28314\bin\Hostx64\x64;C:\Program Files\dotnet\;D:\Node Js\;D:\IntelliJ IDEA\IntelliJ IDEA Community Edition 2018.3.3\plugins\maven\lib\maven3.8.3\apache-maven-3.8.3\bin;C:\ProgramData\chocolatey\bin;C:\Program Files\mingw-w64\x86_64-8.1.0-posix-seh-rt_v6-rev0;F:\Programs\PostgreSQL\bin;F:\Programs\Java\jdk-17\bin;C:\Program Files\Git\cmd;F:\Programs\Picat;F:\Programs\Java\jdk-17\bin;C:\Users\romer\scoop\shims;C:\Users\romer\AppData\Local\Microsoft\WindowsApps;F:\Programs\Microsoft VS Code\bin;F:\Programs\php;C:\sqlite;C:\Program Files (x86)\Microsoft Visual Studio\2019\Community\VC\Tools\MSVC\14.24.28314\bin\Hostx64\x64;F:\Chrome Download\nano-git-0d9a7347243.exe;C:\Users\romer\AppData\Roaming\npm;C:\Users\romer\AppData\Local\Microsoft\WindowsApps;C:\Program Files\mingw-w64\x86_64-8.1.0-posix-seh-rt_v6-rev0\mingw64\bin;F:\Programs\Heroku\bin;;F:\Programs\IntelliJ IDEA\IntelliJ IDEA Community Edition 2021.2.3\bin;;."/>
    <property name="java.vm.info" value="mixed mode, sharing"/>
    <property name="java.vendor" value="Oracle Corporation"/>
    <property name="java.vm.version" value="17+35-LTS-2724"/>
    <property name="sun.io.unicode.encoding" value="UnicodeLittle"/>
    <property name="java.class.version" value="61.0"/>
  </properties>
  <testcase name="shouldAnswerWithTrue" classname="com.udacity.catpoint.AppTest" time="0.032"/>
</testsuite>